<?xml version="1.0" encoding="UTF-8"?>
<!-- Generated by org.testng.reporters.JUnitReportReporter -->
<testsuite hostname="Imrens-MacBook-Pro-2.local" failures="0" tests="1" name="cucumberOptions.TestNGTestRunner" time="56.978" errors="0" timestamp="2022-10-02T12:13:11 EET" skipped="0">
  <testcase classname="cucumberOptions.TestNGTestRunner" name="runScenario" time="56.978"/>
  <system-out/>
</testsuite> <!-- cucumberOptions.TestNGTestRunner -->
